;  LST file generated by mikroListExporter - v.2.0 
; Date/Time: 01-10-2021 19:27:12
;----------------------------------------------

;Address Opcode 	ASM
0x0000	0x2ABD      	GOTO       701
_Delay_1us:
;__Lib_Delays.c,7 :: 		void Delay_1us() {
;__Lib_Delays.c,8 :: 		Delay_us(1);
0x0003	0x0000      	NOP
0x0004	0x0000      	NOP
0x0005	0x0000      	NOP
0x0006	0x0000      	NOP
0x0007	0x0000      	NOP
;__Lib_Delays.c,9 :: 		}
L_end_Delay_1us:
0x0008	0x0008      	RETURN
; end of _Delay_1us
_Delay_5500us:
;__Lib_Delays.c,31 :: 		void Delay_5500us() {
;__Lib_Delays.c,32 :: 		Delay_us(5500);
0x0009	0x3024      	MOVLW      36
0x000A	0x1283      	BCF        STATUS, 5
0x000B	0x1303      	BCF        STATUS, 6
0x000C	0x00FC      	MOVWF      R12
0x000D	0x30B5      	MOVLW      181
0x000E	0x00FD      	MOVWF      R13
L_Delay_5500us5:
0x000F	0x0BFD      	DECFSZ     R13, 1
0x0010	0x280F      	GOTO       L_Delay_5500us5
0x0011	0x0BFC      	DECFSZ     R12, 1
0x0012	0x280F      	GOTO       L_Delay_5500us5
0x0013	0x0000      	NOP
0x0014	0x0000      	NOP
;__Lib_Delays.c,33 :: 		}
L_end_Delay_5500us:
0x0015	0x0008      	RETURN
; end of _Delay_5500us
_Delay_50us:
;__Lib_Delays.c,19 :: 		void Delay_50us() {
;__Lib_Delays.c,20 :: 		Delay_us(50);
0x0016	0x3053      	MOVLW      83
0x0017	0x1283      	BCF        STATUS, 5
0x0018	0x1303      	BCF        STATUS, 6
0x0019	0x00FD      	MOVWF      R13
L_Delay_50us2:
0x001A	0x0BFD      	DECFSZ     R13, 1
0x001B	0x281A      	GOTO       L_Delay_50us2
;__Lib_Delays.c,21 :: 		}
L_end_Delay_50us:
0x001C	0x0008      	RETURN
; end of _Delay_50us
_Lcd_Cmd:
;__Lib_Lcd.c,18 :: 		
;__Lib_Lcd.c,20 :: 		
0x001D	0x1683      	BSF        STATUS, 5
0x001E	0x1303      	BCF        STATUS, 6
0x001F	0x1BA5      	BTFSC      FARG_Lcd_Cmd_out_char, 7
0x0020	0x2824      	GOTO       L__Lcd_Cmd21
0x0021	0x1283      	BCF        STATUS, 5
0x0022	0x1388      	BCF        LCD_D7, BitPos(LCD_D7+0)
0x0023	0x2826      	GOTO       L__Lcd_Cmd22
L__Lcd_Cmd21:
0x0024	0x1283      	BCF        STATUS, 5
0x0025	0x1788      	BSF        LCD_D7, BitPos(LCD_D7+0)
L__Lcd_Cmd22:
;__Lib_Lcd.c,21 :: 		
0x0026	0x1683      	BSF        STATUS, 5
0x0027	0x1B25      	BTFSC      FARG_Lcd_Cmd_out_char, 6
0x0028	0x282C      	GOTO       L__Lcd_Cmd23
0x0029	0x1283      	BCF        STATUS, 5
0x002A	0x1308      	BCF        LCD_D6, BitPos(LCD_D6+0)
0x002B	0x282E      	GOTO       L__Lcd_Cmd24
L__Lcd_Cmd23:
0x002C	0x1283      	BCF        STATUS, 5
0x002D	0x1708      	BSF        LCD_D6, BitPos(LCD_D6+0)
L__Lcd_Cmd24:
;__Lib_Lcd.c,22 :: 		
0x002E	0x1683      	BSF        STATUS, 5
0x002F	0x1AA5      	BTFSC      FARG_Lcd_Cmd_out_char, 5
0x0030	0x2834      	GOTO       L__Lcd_Cmd25
0x0031	0x1283      	BCF        STATUS, 5
0x0032	0x1288      	BCF        LCD_D5, BitPos(LCD_D5+0)
0x0033	0x2836      	GOTO       L__Lcd_Cmd26
L__Lcd_Cmd25:
0x0034	0x1283      	BCF        STATUS, 5
0x0035	0x1688      	BSF        LCD_D5, BitPos(LCD_D5+0)
L__Lcd_Cmd26:
;__Lib_Lcd.c,23 :: 		
0x0036	0x1683      	BSF        STATUS, 5
0x0037	0x1A25      	BTFSC      FARG_Lcd_Cmd_out_char, 4
0x0038	0x283C      	GOTO       L__Lcd_Cmd27
0x0039	0x1283      	BCF        STATUS, 5
0x003A	0x1208      	BCF        LCD_D4, BitPos(LCD_D4+0)
0x003B	0x283E      	GOTO       L__Lcd_Cmd28
L__Lcd_Cmd27:
0x003C	0x1283      	BCF        STATUS, 5
0x003D	0x1608      	BSF        LCD_D4, BitPos(LCD_D4+0)
L__Lcd_Cmd28:
;__Lib_Lcd.c,25 :: 		
0x003E	0x185E      	BTFSC      __Lib_Lcd_cmd_status, BitPos(__Lib_Lcd_cmd_status+0)
0x003F	0x2842      	GOTO       L__Lcd_Cmd29
0x0040	0x1509      	BSF        LCD_RS, BitPos(LCD_RS+0)
0x0041	0x2843      	GOTO       L__Lcd_Cmd30
L__Lcd_Cmd29:
0x0042	0x1109      	BCF        LCD_RS, BitPos(LCD_RS+0)
L__Lcd_Cmd30:
;__Lib_Lcd.c,28 :: 		
0x0043	0x1409      	BSF        LCD_EN, BitPos(LCD_EN+0)
;__Lib_Lcd.c,29 :: 		
0x0044	0x2003      	CALL       _Delay_1us
;__Lib_Lcd.c,30 :: 		
0x0045	0x1009      	BCF        LCD_EN, BitPos(LCD_EN+0)
;__Lib_Lcd.c,33 :: 		
0x0046	0x1683      	BSF        STATUS, 5
0x0047	0x19A5      	BTFSC      FARG_Lcd_Cmd_out_char, 3
0x0048	0x284C      	GOTO       L__Lcd_Cmd31
0x0049	0x1283      	BCF        STATUS, 5
0x004A	0x1388      	BCF        LCD_D7, BitPos(LCD_D7+0)
0x004B	0x284E      	GOTO       L__Lcd_Cmd32
L__Lcd_Cmd31:
0x004C	0x1283      	BCF        STATUS, 5
0x004D	0x1788      	BSF        LCD_D7, BitPos(LCD_D7+0)
L__Lcd_Cmd32:
;__Lib_Lcd.c,34 :: 		
0x004E	0x1683      	BSF        STATUS, 5
0x004F	0x1925      	BTFSC      FARG_Lcd_Cmd_out_char, 2
0x0050	0x2854      	GOTO       L__Lcd_Cmd33
0x0051	0x1283      	BCF        STATUS, 5
0x0052	0x1308      	BCF        LCD_D6, BitPos(LCD_D6+0)
0x0053	0x2856      	GOTO       L__Lcd_Cmd34
L__Lcd_Cmd33:
0x0054	0x1283      	BCF        STATUS, 5
0x0055	0x1708      	BSF        LCD_D6, BitPos(LCD_D6+0)
L__Lcd_Cmd34:
;__Lib_Lcd.c,35 :: 		
0x0056	0x1683      	BSF        STATUS, 5
0x0057	0x18A5      	BTFSC      FARG_Lcd_Cmd_out_char, 1
0x0058	0x285C      	GOTO       L__Lcd_Cmd35
0x0059	0x1283      	BCF        STATUS, 5
0x005A	0x1288      	BCF        LCD_D5, BitPos(LCD_D5+0)
0x005B	0x285E      	GOTO       L__Lcd_Cmd36
L__Lcd_Cmd35:
0x005C	0x1283      	BCF        STATUS, 5
0x005D	0x1688      	BSF        LCD_D5, BitPos(LCD_D5+0)
L__Lcd_Cmd36:
;__Lib_Lcd.c,36 :: 		
0x005E	0x1683      	BSF        STATUS, 5
0x005F	0x1825      	BTFSC      FARG_Lcd_Cmd_out_char, 0
0x0060	0x2864      	GOTO       L__Lcd_Cmd37
0x0061	0x1283      	BCF        STATUS, 5
0x0062	0x1208      	BCF        LCD_D4, BitPos(LCD_D4+0)
0x0063	0x2866      	GOTO       L__Lcd_Cmd38
L__Lcd_Cmd37:
0x0064	0x1283      	BCF        STATUS, 5
0x0065	0x1608      	BSF        LCD_D4, BitPos(LCD_D4+0)
L__Lcd_Cmd38:
;__Lib_Lcd.c,38 :: 		
0x0066	0x185E      	BTFSC      __Lib_Lcd_cmd_status, BitPos(__Lib_Lcd_cmd_status+0)
0x0067	0x286A      	GOTO       L__Lcd_Cmd39
0x0068	0x1509      	BSF        LCD_RS, BitPos(LCD_RS+0)
0x0069	0x286B      	GOTO       L__Lcd_Cmd40
L__Lcd_Cmd39:
0x006A	0x1109      	BCF        LCD_RS, BitPos(LCD_RS+0)
L__Lcd_Cmd40:
;__Lib_Lcd.c,40 :: 		
0x006B	0x1409      	BSF        LCD_EN, BitPos(LCD_EN+0)
;__Lib_Lcd.c,41 :: 		
0x006C	0x2003      	CALL       _Delay_1us
;__Lib_Lcd.c,42 :: 		
0x006D	0x1009      	BCF        LCD_EN, BitPos(LCD_EN+0)
;__Lib_Lcd.c,44 :: 		
0x006E	0x1C5E      	BTFSS      __Lib_Lcd_cmd_status, BitPos(__Lib_Lcd_cmd_status+0)
0x006F	0x2872      	GOTO       L_Lcd_Cmd0
;__Lib_Lcd.c,45 :: 		
0x0070	0x2009      	CALL       _Delay_5500us
0x0071	0x2873      	GOTO       L_Lcd_Cmd1
L_Lcd_Cmd0:
;__Lib_Lcd.c,47 :: 		
0x0072	0x2016      	CALL       _Delay_50us
L_Lcd_Cmd1:
;__Lib_Lcd.c,48 :: 		
L_end_Lcd_Cmd:
0x0073	0x0008      	RETURN
; end of _Lcd_Cmd
_____DoICP:
;__Lib_System.c,6 :: 		
;__Lib_System.c,9 :: 		
0x0074	0x1283      	BCF        STATUS, 5
0x0075	0x1303      	BCF        STATUS, 6
0x0076	0x0854      	MOVF       ___DoICPAddr+1, 0
0x0077	0x008A      	MOVWF      PCLATH
;__Lib_System.c,10 :: 		
0x0078	0x0853      	MOVF       ___DoICPAddr, 0
0x0079	0x0082      	MOVWF      PCL
;__Lib_System.c,12 :: 		
L_end_____DoICP:
0x007A	0x0008      	RETURN
; end of _____DoICP
_I2C1_Is_Idle:
;__Lib_I2C_c34.c,26 :: 		
;__Lib_I2C_c34.c,27 :: 		
0x007B	0x1683      	BSF        STATUS, 5
0x007C	0x1303      	BCF        STATUS, 6
0x007D	0x1914      	BTFSC      SSPSTAT, 2
0x007E	0x2889      	GOTO       L_I2C1_Is_Idle0
;__Lib_I2C_c34.c,28 :: 		
0x007F	0x301F      	MOVLW      31
0x0080	0x0511      	ANDWF      SSPCON2, 0
0x0081	0x00F1      	MOVWF      R1
0x0082	0x0871      	MOVF       R1, 0
0x0083	0x3A00      	XORLW      0
0x0084	0x1D03      	BTFSS      STATUS, 2
0x0085	0x2889      	GOTO       L_I2C1_Is_Idle1
;__Lib_I2C_c34.c,29 :: 		
0x0086	0x3001      	MOVLW      1
0x0087	0x00F0      	MOVWF      R0
0x0088	0x288A      	GOTO       L_end_I2C1_Is_Idle
L_I2C1_Is_Idle1:
L_I2C1_Is_Idle0:
;__Lib_I2C_c34.c,30 :: 		
0x0089	0x01F0      	CLRF       R0
;__Lib_I2C_c34.c,31 :: 		
L_end_I2C1_Is_Idle:
0x008A	0x0008      	RETURN
; end of _I2C1_Is_Idle
_____DoIFC:
;__Lib_System.c,15 :: 		
;__Lib_System.c,18 :: 		
0x008B	0x1283      	BCF        STATUS, 5
0x008C	0x1303      	BCF        STATUS, 6
0x008D	0x0854      	MOVF       ___DoICPAddr+1, 0
0x008E	0x008A      	MOVWF      PCLATH
;__Lib_System.c,19 :: 		
0x008F	0x0853      	MOVF       ___DoICPAddr, 0
0x0090	0x0082      	MOVWF      PCL
;__Lib_System.c,21 :: 		
L_end_____DoIFC:
0x0091	0x0008      	RETURN
; end of _____DoIFC
_Lcd_Chr_CP:
;__Lib_Lcd.c,50 :: 		
;__Lib_Lcd.c,52 :: 		
0x0092	0x1283      	BCF        STATUS, 5
0x0093	0x1303      	BCF        STATUS, 6
0x0094	0x105E      	BCF        __Lib_Lcd_cmd_status, BitPos(__Lib_Lcd_cmd_status+0)
;__Lib_Lcd.c,53 :: 		
0x0095	0x1683      	BSF        STATUS, 5
0x0096	0x0824      	MOVF       FARG_Lcd_Chr_CP_out_char, 0
0x0097	0x00A5      	MOVWF      FARG_Lcd_Cmd_out_char
0x0098	0x201D      	CALL       _Lcd_Cmd
;__Lib_Lcd.c,54 :: 		
0x0099	0x145E      	BSF        __Lib_Lcd_cmd_status, BitPos(__Lib_Lcd_cmd_status+0)
;__Lib_Lcd.c,55 :: 		
L_end_Lcd_Chr_CP:
0x009A	0x0008      	RETURN
; end of _Lcd_Chr_CP
_I2C1_Wr:
;__Lib_I2C_c34.c,137 :: 		
;__Lib_I2C_c34.c,140 :: 		
0x009B	0x1283      	BCF        STATUS, 5
0x009C	0x1303      	BCF        STATUS, 6
0x009D	0x118C      	BCF        PIR1, 3
;__Lib_I2C_c34.c,141 :: 		
0x009E	0x0820      	MOVF       FARG_I2C1_Wr_data_, 0
0x009F	0x0093      	MOVWF      SSPBUF
;__Lib_I2C_c34.c,143 :: 		
0x00A0	0x084F      	MOVF       __Lib_I2C_c34__I2C1_TIMEOUT, 0
0x00A1	0x00EB      	MOVWF      I2C1_Wr_timeout_L0
0x00A2	0x0850      	MOVF       __Lib_I2C_c34__I2C1_TIMEOUT+1, 0
0x00A3	0x00EC      	MOVWF      I2C1_Wr_timeout_L0+1
0x00A4	0x0851      	MOVF       __Lib_I2C_c34__I2C1_TIMEOUT+2, 0
0x00A5	0x00ED      	MOVWF      I2C1_Wr_timeout_L0+2
0x00A6	0x0852      	MOVF       __Lib_I2C_c34__I2C1_TIMEOUT+3, 0
0x00A7	0x00EE      	MOVWF      I2C1_Wr_timeout_L0+3
;__Lib_I2C_c34.c,145 :: 		
L_I2C1_Wr26:
0x00A8	0x1683      	BSF        STATUS, 5
0x00A9	0x1D14      	BTFSS      SSPSTAT, 2
0x00AA	0x28D2      	GOTO       L_I2C1_Wr27
;__Lib_I2C_c34.c,148 :: 		
0x00AB	0x1283      	BCF        STATUS, 5
0x00AC	0x084F      	MOVF       __Lib_I2C_c34__I2C1_TIMEOUT, 0
0x00AD	0x0450      	IORWF      __Lib_I2C_c34__I2C1_TIMEOUT+1, 0
0x00AE	0x0451      	IORWF      __Lib_I2C_c34__I2C1_TIMEOUT+2, 0
0x00AF	0x0452      	IORWF      __Lib_I2C_c34__I2C1_TIMEOUT+3, 0
0x00B0	0x1903      	BTFSC      STATUS, 2
0x00B1	0x28D1      	GOTO       L_I2C1_Wr28
;__Lib_I2C_c34.c,150 :: 		
0x00B2	0x086B      	MOVF       I2C1_Wr_timeout_L0, 0
0x00B3	0x046C      	IORWF      I2C1_Wr_timeout_L0+1, 0
0x00B4	0x046D      	IORWF      I2C1_Wr_timeout_L0+2, 0
0x00B5	0x046E      	IORWF      I2C1_Wr_timeout_L0+3, 0
0x00B6	0x1D03      	BTFSS      STATUS, 2
0x00B7	0x28C9      	GOTO       L_I2C1_Wr29
;__Lib_I2C_c34.c,152 :: 		
0x00B8	0x086A      	MOVF       _I2C1_Timeout_Ptr+2, 0
0x00B9	0x0084      	MOVWF      FSR
0x00BA	0x3004      	MOVLW      4
0x00BB	0x0080      	MOVWF      INDF
0x00BC	0x0A84      	INCF       FSR, 1
0x00BD	0x0868      	MOVF       _I2C1_Timeout_Ptr, 0
0x00BE	0x00D3      	MOVWF      ___DoICPAddr
0x00BF	0x0869      	MOVF       _I2C1_Timeout_Ptr+1, 0
0x00C0	0x00D4      	MOVWF      ___DoICPAddr+1
0x00C1	0x208B      	CALL       _____DoIFC
0x00C2	0x118A      	BCF        PCLATH, 3
0x00C3	0x120A      	BCF        PCLATH, 4
;__Lib_I2C_c34.c,153 :: 		
0x00C4	0x3001      	MOVLW      1
0x00C5	0x1283      	BCF        STATUS, 5
0x00C6	0x1303      	BCF        STATUS, 6
0x00C7	0x00F0      	MOVWF      R0
0x00C8	0x290B      	GOTO       L_end_I2C1_Wr
;__Lib_I2C_c34.c,154 :: 		
L_I2C1_Wr29:
;__Lib_I2C_c34.c,155 :: 		
0x00C9	0x3001      	MOVLW      1
0x00CA	0x02EB      	SUBWF      I2C1_Wr_timeout_L0, 1
0x00CB	0x1C03      	BTFSS      STATUS, 0
0x00CC	0x02EC      	SUBWF      I2C1_Wr_timeout_L0+1, 1
0x00CD	0x1C03      	BTFSS      STATUS, 0
0x00CE	0x02ED      	SUBWF      I2C1_Wr_timeout_L0+2, 1
0x00CF	0x1C03      	BTFSS      STATUS, 0
0x00D0	0x02EE      	SUBWF      I2C1_Wr_timeout_L0+3, 1
;__Lib_I2C_c34.c,156 :: 		
L_I2C1_Wr28:
;__Lib_I2C_c34.c,157 :: 		
0x00D1	0x28A8      	GOTO       L_I2C1_Wr26
L_I2C1_Wr27:
0x00D2	0x1283      	BCF        STATUS, 5
;__Lib_I2C_c34.c,159 :: 		
0x00D3	0x084F      	MOVF       __Lib_I2C_c34__I2C1_TIMEOUT, 0
0x00D4	0x00EB      	MOVWF      I2C1_Wr_timeout_L0
0x00D5	0x0850      	MOVF       __Lib_I2C_c34__I2C1_TIMEOUT+1, 0
0x00D6	0x00EC      	MOVWF      I2C1_Wr_timeout_L0+1
0x00D7	0x0851      	MOVF       __Lib_I2C_c34__I2C1_TIMEOUT+2, 0
0x00D8	0x00ED      	MOVWF      I2C1_Wr_timeout_L0+2
0x00D9	0x0852      	MOVF       __Lib_I2C_c34__I2C1_TIMEOUT+3, 0
0x00DA	0x00EE      	MOVWF      I2C1_Wr_timeout_L0+3
;__Lib_I2C_c34.c,161 :: 		
L_I2C1_Wr30:
0x00DB	0x198C      	BTFSC      PIR1, 3
0x00DC	0x2903      	GOTO       L_I2C1_Wr31
;__Lib_I2C_c34.c,164 :: 		
0x00DD	0x084F      	MOVF       __Lib_I2C_c34__I2C1_TIMEOUT, 0
0x00DE	0x0450      	IORWF      __Lib_I2C_c34__I2C1_TIMEOUT+1, 0
0x00DF	0x0451      	IORWF      __Lib_I2C_c34__I2C1_TIMEOUT+2, 0
0x00E0	0x0452      	IORWF      __Lib_I2C_c34__I2C1_TIMEOUT+3, 0
0x00E1	0x1903      	BTFSC      STATUS, 2
0x00E2	0x2902      	GOTO       L_I2C1_Wr32
;__Lib_I2C_c34.c,166 :: 		
0x00E3	0x086B      	MOVF       I2C1_Wr_timeout_L0, 0
0x00E4	0x046C      	IORWF      I2C1_Wr_timeout_L0+1, 0
0x00E5	0x046D      	IORWF      I2C1_Wr_timeout_L0+2, 0
0x00E6	0x046E      	IORWF      I2C1_Wr_timeout_L0+3, 0
0x00E7	0x1D03      	BTFSS      STATUS, 2
0x00E8	0x28FA      	GOTO       L_I2C1_Wr33
;__Lib_I2C_c34.c,168 :: 		
0x00E9	0x086A      	MOVF       _I2C1_Timeout_Ptr+2, 0
0x00EA	0x0084      	MOVWF      FSR
0x00EB	0x3004      	MOVLW      4
0x00EC	0x0080      	MOVWF      INDF
0x00ED	0x0A84      	INCF       FSR, 1
0x00EE	0x0868      	MOVF       _I2C1_Timeout_Ptr, 0
0x00EF	0x00D3      	MOVWF      ___DoICPAddr
0x00F0	0x0869      	MOVF       _I2C1_Timeout_Ptr+1, 0
0x00F1	0x00D4      	MOVWF      ___DoICPAddr+1
0x00F2	0x208B      	CALL       _____DoIFC
0x00F3	0x118A      	BCF        PCLATH, 3
0x00F4	0x120A      	BCF        PCLATH, 4
;__Lib_I2C_c34.c,169 :: 		
0x00F5	0x3001      	MOVLW      1
0x00F6	0x1283      	BCF        STATUS, 5
0x00F7	0x1303      	BCF        STATUS, 6
0x00F8	0x00F0      	MOVWF      R0
0x00F9	0x290B      	GOTO       L_end_I2C1_Wr
;__Lib_I2C_c34.c,170 :: 		
L_I2C1_Wr33:
;__Lib_I2C_c34.c,171 :: 		
0x00FA	0x3001      	MOVLW      1
0x00FB	0x02EB      	SUBWF      I2C1_Wr_timeout_L0, 1
0x00FC	0x1C03      	BTFSS      STATUS, 0
0x00FD	0x02EC      	SUBWF      I2C1_Wr_timeout_L0+1, 1
0x00FE	0x1C03      	BTFSS      STATUS, 0
0x00FF	0x02ED      	SUBWF      I2C1_Wr_timeout_L0+2, 1
0x0100	0x1C03      	BTFSS      STATUS, 0
0x0101	0x02EE      	SUBWF      I2C1_Wr_timeout_L0+3, 1
;__Lib_I2C_c34.c,172 :: 		
L_I2C1_Wr32:
;__Lib_I2C_c34.c,173 :: 		
0x0102	0x28DB      	GOTO       L_I2C1_Wr30
L_I2C1_Wr31:
;__Lib_I2C_c34.c,175 :: 		
0x0103	0x1683      	BSF        STATUS, 5
0x0104	0x1B11      	BTFSC      SSPCON2, 6
0x0105	0x2908      	GOTO       L_I2C1_Wr34
;__Lib_I2C_c34.c,176 :: 		
0x0106	0x01F0      	CLRF       R0
0x0107	0x290B      	GOTO       L_end_I2C1_Wr
;__Lib_I2C_c34.c,177 :: 		
L_I2C1_Wr34:
;__Lib_I2C_c34.c,179 :: 		
0x0108	0x1511      	BSF        SSPCON2, 2
;__Lib_I2C_c34.c,180 :: 		
0x0109	0x3002      	MOVLW      2
0x010A	0x00F0      	MOVWF      R0
;__Lib_I2C_c34.c,182 :: 		
L_end_I2C1_Wr:
0x010B	0x0008      	RETURN
; end of _I2C1_Wr
_Lcd_Init:
;__Lib_Lcd.c,84 :: 		
;__Lib_Lcd.c,86 :: 		
0x010C	0x1683      	BSF        STATUS, 5
0x010D	0x1303      	BCF        STATUS, 6
0x010E	0x1009      	BCF        LCD_EN_Direction, BitPos(LCD_EN_Direction+0)
;__Lib_Lcd.c,87 :: 		
0x010F	0x1109      	BCF        LCD_RS_Direction, BitPos(LCD_RS_Direction+0)
;__Lib_Lcd.c,88 :: 		
0x0110	0x1208      	BCF        LCD_D4_Direction, BitPos(LCD_D4_Direction+0)
;__Lib_Lcd.c,89 :: 		
0x0111	0x1288      	BCF        LCD_D5_Direction, BitPos(LCD_D5_Direction+0)
;__Lib_Lcd.c,90 :: 		
0x0112	0x1308      	BCF        LCD_D6_Direction, BitPos(LCD_D6_Direction+0)
;__Lib_Lcd.c,91 :: 		
0x0113	0x1388      	BCF        LCD_D7_Direction, BitPos(LCD_D7_Direction+0)
;__Lib_Lcd.c,93 :: 		
0x0114	0x1283      	BCF        STATUS, 5
0x0115	0x1009      	BCF        LCD_EN, BitPos(LCD_EN+0)
;__Lib_Lcd.c,94 :: 		
0x0116	0x1109      	BCF        LCD_RS, BitPos(LCD_RS+0)
;__Lib_Lcd.c,95 :: 		
0x0117	0x1388      	BCF        LCD_D7, BitPos(LCD_D7+0)
;__Lib_Lcd.c,96 :: 		
0x0118	0x1308      	BCF        LCD_D6, BitPos(LCD_D6+0)
;__Lib_Lcd.c,97 :: 		
0x0119	0x1288      	BCF        LCD_D5, BitPos(LCD_D5+0)
;__Lib_Lcd.c,98 :: 		
0x011A	0x1208      	BCF        LCD_D4, BitPos(LCD_D4+0)
;__Lib_Lcd.c,100 :: 		
0x011B	0x2009      	CALL       _Delay_5500us
;__Lib_Lcd.c,101 :: 		
0x011C	0x2009      	CALL       _Delay_5500us
;__Lib_Lcd.c,102 :: 		
0x011D	0x2009      	CALL       _Delay_5500us
;__Lib_Lcd.c,105 :: 		
0x011E	0x1688      	BSF        LCD_D5, BitPos(LCD_D5+0)
;__Lib_Lcd.c,106 :: 		
0x011F	0x1608      	BSF        LCD_D4, BitPos(LCD_D4+0)
;__Lib_Lcd.c,107 :: 		
0x0120	0x1409      	BSF        LCD_EN, BitPos(LCD_EN+0)
;__Lib_Lcd.c,108 :: 		
0x0121	0x2003      	CALL       _Delay_1us
;__Lib_Lcd.c,109 :: 		
0x0122	0x1009      	BCF        LCD_EN, BitPos(LCD_EN+0)
;__Lib_Lcd.c,110 :: 		
0x0123	0x2009      	CALL       _Delay_5500us
;__Lib_Lcd.c,112 :: 		
0x0124	0x1409      	BSF        LCD_EN, BitPos(LCD_EN+0)
;__Lib_Lcd.c,113 :: 		
0x0125	0x2003      	CALL       _Delay_1us
;__Lib_Lcd.c,114 :: 		
0x0126	0x1009      	BCF        LCD_EN, BitPos(LCD_EN+0)
;__Lib_Lcd.c,115 :: 		
0x0127	0x2009      	CALL       _Delay_5500us
;__Lib_Lcd.c,117 :: 		
0x0128	0x1409      	BSF        LCD_EN, BitPos(LCD_EN+0)
;__Lib_Lcd.c,118 :: 		
0x0129	0x2003      	CALL       _Delay_1us
;__Lib_Lcd.c,119 :: 		
0x012A	0x1009      	BCF        LCD_EN, BitPos(LCD_EN+0)
;__Lib_Lcd.c,120 :: 		
0x012B	0x2009      	CALL       _Delay_5500us
;__Lib_Lcd.c,123 :: 		
0x012C	0x1208      	BCF        LCD_D4, BitPos(LCD_D4+0)
;__Lib_Lcd.c,124 :: 		
0x012D	0x1409      	BSF        LCD_EN, BitPos(LCD_EN+0)
;__Lib_Lcd.c,125 :: 		
0x012E	0x2003      	CALL       _Delay_1us
;__Lib_Lcd.c,126 :: 		
0x012F	0x1009      	BCF        LCD_EN, BitPos(LCD_EN+0)
;__Lib_Lcd.c,127 :: 		
0x0130	0x2009      	CALL       _Delay_5500us
;__Lib_Lcd.c,130 :: 		
0x0131	0x1409      	BSF        LCD_EN, BitPos(LCD_EN+0)
;__Lib_Lcd.c,131 :: 		
0x0132	0x2003      	CALL       _Delay_1us
;__Lib_Lcd.c,132 :: 		
0x0133	0x1009      	BCF        LCD_EN, BitPos(LCD_EN+0)
;__Lib_Lcd.c,134 :: 		
0x0134	0x1288      	BCF        LCD_D5, BitPos(LCD_D5+0)
;__Lib_Lcd.c,135 :: 		
0x0135	0x1788      	BSF        LCD_D7, BitPos(LCD_D7+0)
;__Lib_Lcd.c,136 :: 		
0x0136	0x1409      	BSF        LCD_EN, BitPos(LCD_EN+0)
;__Lib_Lcd.c,137 :: 		
0x0137	0x2003      	CALL       _Delay_1us
;__Lib_Lcd.c,138 :: 		
0x0138	0x1009      	BCF        LCD_EN, BitPos(LCD_EN+0)
;__Lib_Lcd.c,139 :: 		
0x0139	0x2009      	CALL       _Delay_5500us
;__Lib_Lcd.c,142 :: 		
0x013A	0x1388      	BCF        LCD_D7, BitPos(LCD_D7+0)
;__Lib_Lcd.c,143 :: 		
0x013B	0x1608      	BSF        LCD_D4, BitPos(LCD_D4+0)
;__Lib_Lcd.c,144 :: 		
0x013C	0x1409      	BSF        LCD_EN, BitPos(LCD_EN+0)
;__Lib_Lcd.c,145 :: 		
0x013D	0x2003      	CALL       _Delay_1us
;__Lib_Lcd.c,146 :: 		
0x013E	0x1009      	BCF        LCD_EN, BitPos(LCD_EN+0)
;__Lib_Lcd.c,148 :: 		
0x013F	0x1208      	BCF        LCD_D4, BitPos(LCD_D4+0)
;__Lib_Lcd.c,149 :: 		
0x0140	0x1409      	BSF        LCD_EN, BitPos(LCD_EN+0)
;__Lib_Lcd.c,150 :: 		
0x0141	0x2003      	CALL       _Delay_1us
;__Lib_Lcd.c,151 :: 		
0x0142	0x1009      	BCF        LCD_EN, BitPos(LCD_EN+0)
;__Lib_Lcd.c,152 :: 		
0x0143	0x2009      	CALL       _Delay_5500us
;__Lib_Lcd.c,155 :: 		
0x0144	0x1409      	BSF        LCD_EN, BitPos(LCD_EN+0)
;__Lib_Lcd.c,156 :: 		
0x0145	0x2003      	CALL       _Delay_1us
;__Lib_Lcd.c,157 :: 		
0x0146	0x1009      	BCF        LCD_EN, BitPos(LCD_EN+0)
;__Lib_Lcd.c,159 :: 		
0x0147	0x1608      	BSF        LCD_D4, BitPos(LCD_D4+0)
;__Lib_Lcd.c,160 :: 		
0x0148	0x1409      	BSF        LCD_EN, BitPos(LCD_EN+0)
;__Lib_Lcd.c,161 :: 		
0x0149	0x2003      	CALL       _Delay_1us
;__Lib_Lcd.c,162 :: 		
0x014A	0x1009      	BCF        LCD_EN, BitPos(LCD_EN+0)
;__Lib_Lcd.c,163 :: 		
0x014B	0x2009      	CALL       _Delay_5500us
;__Lib_Lcd.c,166 :: 		
0x014C	0x1208      	BCF        LCD_D4, BitPos(LCD_D4+0)
;__Lib_Lcd.c,167 :: 		
0x014D	0x1409      	BSF        LCD_EN, BitPos(LCD_EN+0)
;__Lib_Lcd.c,168 :: 		
0x014E	0x2003      	CALL       _Delay_1us
;__Lib_Lcd.c,169 :: 		
0x014F	0x1009      	BCF        LCD_EN, BitPos(LCD_EN+0)
;__Lib_Lcd.c,171 :: 		
0x0150	0x1788      	BSF        LCD_D7, BitPos(LCD_D7+0)
;__Lib_Lcd.c,172 :: 		
0x0151	0x1708      	BSF        LCD_D6, BitPos(LCD_D6+0)
;__Lib_Lcd.c,173 :: 		
0x0152	0x1688      	BSF        LCD_D5, BitPos(LCD_D5+0)
;__Lib_Lcd.c,174 :: 		
0x0153	0x1608      	BSF        LCD_D4, BitPos(LCD_D4+0)
;__Lib_Lcd.c,175 :: 		
0x0154	0x1409      	BSF        LCD_EN, BitPos(LCD_EN+0)
;__Lib_Lcd.c,176 :: 		
0x0155	0x2003      	CALL       _Delay_1us
;__Lib_Lcd.c,177 :: 		
0x0156	0x1009      	BCF        LCD_EN, BitPos(LCD_EN+0)
;__Lib_Lcd.c,179 :: 		
0x0157	0x2009      	CALL       _Delay_5500us
;__Lib_Lcd.c,181 :: 		
0x0158	0x145E      	BSF        __Lib_Lcd_cmd_status, BitPos(__Lib_Lcd_cmd_status+0)
;__Lib_Lcd.c,182 :: 		
L_end_Lcd_Init:
0x0159	0x0008      	RETURN
; end of _Lcd_Init
_I2C1_Init:
;__Lib_I2C_c34.c,188 :: 		
;__Lib_I2C_c34.c,190 :: 		
0x015A	0x307B      	MOVLW      _I2C1_Is_Idle
0x015B	0x1283      	BCF        STATUS, 5
0x015C	0x1303      	BCF        STATUS, 6
0x015D	0x00E5      	MOVWF      _I2C_Is_Idle_Ptr
0x015E	0x3000      	MOVLW      hi_addr(_I2C1_Is_Idle)
0x015F	0x00E6      	MOVWF      _I2C_Is_Idle_Ptr+1
0x0160	0x3000      	MOVLW      0
0x0161	0x00E7      	MOVWF      _I2C_Is_Idle_Ptr+2
0x0162	0x3000      	MOVLW      0
;__Lib_I2C_c34.c,191 :: 		
0x0163	0x305A      	MOVLW      _I2C1_Start
0x0164	0x00E2      	MOVWF      _I2C_Start_Ptr
0x0165	0x3002      	MOVLW      hi_addr(_I2C1_Start)
0x0166	0x00E3      	MOVWF      _I2C_Start_Ptr+1
0x0167	0x3000      	MOVLW      0
0x0168	0x00E4      	MOVWF      _I2C_Start_Ptr+2
0x0169	0x3000      	MOVLW      0
;__Lib_I2C_c34.c,192 :: 		
0x016A	0x30FF      	MOVLW      _I2C1_Repeated_Start
0x016B	0x00D8      	MOVWF      _I2C_Restart_Ptr
0x016C	0x30FF      	MOVLW      hi_addr(_I2C1_Repeated_Start)
0x016D	0x00D9      	MOVWF      _I2C_Restart_Ptr+1
0x016E	0x3000      	MOVLW      0
0x016F	0x00DA      	MOVWF      _I2C_Restart_Ptr+2
0x0170	0x3000      	MOVLW      0
;__Lib_I2C_c34.c,193 :: 		
0x0171	0x30D5      	MOVLW      _I2C1_Rd
0x0172	0x00D5      	MOVWF      _I2C_Read_Ptr
0x0173	0x3001      	MOVLW      hi_addr(_I2C1_Rd)
0x0174	0x00D6      	MOVWF      _I2C_Read_Ptr+1
0x0175	0x3021      	MOVLW      FARG_I2C1_Rd_ack
0x0176	0x00D7      	MOVWF      _I2C_Read_Ptr+2
0x0177	0x3000      	MOVLW      hi_addr(FARG_I2C1_Rd_ack)
;__Lib_I2C_c34.c,194 :: 		
0x0178	0x309B      	MOVLW      _I2C1_Wr
0x0179	0x00DB      	MOVWF      _I2C_Write_Ptr
0x017A	0x3000      	MOVLW      hi_addr(_I2C1_Wr)
0x017B	0x00DC      	MOVWF      _I2C_Write_Ptr+1
0x017C	0x3020      	MOVLW      FARG_I2C1_Wr_data_
0x017D	0x00DD      	MOVWF      _I2C_Write_Ptr+2
0x017E	0x3000      	MOVLW      hi_addr(FARG_I2C1_Wr_data_)
;__Lib_I2C_c34.c,195 :: 		
0x017F	0x308F      	MOVLW      _I2C1_Stop
0x0180	0x00DF      	MOVWF      _I2C_Stop_Ptr
0x0181	0x3001      	MOVLW      hi_addr(_I2C1_Stop)
0x0182	0x00E0      	MOVWF      _I2C_Stop_Ptr+1
0x0183	0x3000      	MOVLW      0
0x0184	0x00E1      	MOVWF      _I2C_Stop_Ptr+2
0x0185	0x3000      	MOVLW      0
;__Lib_I2C_c34.c,197 :: 		
0x0186	0x1683      	BSF        STATUS, 5
0x0187	0x1314      	BCF        SSPSTAT, 6
;__Lib_I2C_c34.c,198 :: 		
0x0188	0x1394      	BCF        SSPSTAT, 7
;__Lib_I2C_c34.c,199 :: 		
0x0189	0x1607      	BSF        TRISC4_bit, BitPos(TRISC4_bit+0)
;__Lib_I2C_c34.c,200 :: 		
0x018A	0x1587      	BSF        TRISC3_bit, BitPos(TRISC3_bit+0)
;__Lib_I2C_c34.c,201 :: 		
0x018B	0x3038      	MOVLW      56
0x018C	0x1283      	BCF        STATUS, 5
0x018D	0x0094      	MOVWF      SSPCON
;__Lib_I2C_c34.c,202 :: 		
L_end_I2C1_Init:
0x018E	0x0008      	RETURN
; end of _I2C1_Init
_I2C1_Stop:
;__Lib_I2C_c34.c,184 :: 		
;__Lib_I2C_c34.c,185 :: 		
0x018F	0x1683      	BSF        STATUS, 5
0x0190	0x1303      	BCF        STATUS, 6
0x0191	0x1511      	BSF        SSPCON2, 2
;__Lib_I2C_c34.c,186 :: 		
L_end_I2C1_Stop:
0x0192	0x0008      	RETURN
; end of _I2C1_Stop
_Lcd_Out:
;__Lib_Lcd.c,184 :: 		
;__Lib_Lcd.c,187 :: 		
0x0193	0x29A5      	GOTO       L_Lcd_Out11
;__Lib_Lcd.c,188 :: 		
L_Lcd_Out13:
0x0194	0x3080      	MOVLW      128
0x0195	0x1283      	BCF        STATUS, 5
0x0196	0x1303      	BCF        STATUS, 6
0x0197	0x00EB      	MOVWF      FARG_Lcd_Out_row
0x0198	0x29B8      	GOTO       L_Lcd_Out12
;__Lib_Lcd.c,189 :: 		
L_Lcd_Out14:
0x0199	0x30C0      	MOVLW      192
0x019A	0x00EB      	MOVWF      FARG_Lcd_Out_row
0x019B	0x29B8      	GOTO       L_Lcd_Out12
;__Lib_Lcd.c,190 :: 		
L_Lcd_Out15:
0x019C	0x3094      	MOVLW      148
0x019D	0x00EB      	MOVWF      FARG_Lcd_Out_row
0x019E	0x29B8      	GOTO       L_Lcd_Out12
;__Lib_Lcd.c,191 :: 		
L_Lcd_Out16:
0x019F	0x30D4      	MOVLW      212
0x01A0	0x00EB      	MOVWF      FARG_Lcd_Out_row
0x01A1	0x29B8      	GOTO       L_Lcd_Out12
;__Lib_Lcd.c,192 :: 		
L_Lcd_Out17:
0x01A2	0x3080      	MOVLW      128
0x01A3	0x00EB      	MOVWF      FARG_Lcd_Out_row
;__Lib_Lcd.c,193 :: 		
0x01A4	0x29B8      	GOTO       L_Lcd_Out12
L_Lcd_Out11:
0x01A5	0x1283      	BCF        STATUS, 5
0x01A6	0x1303      	BCF        STATUS, 6
0x01A7	0x086B      	MOVF       FARG_Lcd_Out_row, 0
0x01A8	0x3A01      	XORLW      1
0x01A9	0x1903      	BTFSC      STATUS, 2
0x01AA	0x2994      	GOTO       L_Lcd_Out13
0x01AB	0x086B      	MOVF       FARG_Lcd_Out_row, 0
0x01AC	0x3A02      	XORLW      2
0x01AD	0x1903      	BTFSC      STATUS, 2
0x01AE	0x2999      	GOTO       L_Lcd_Out14
0x01AF	0x086B      	MOVF       FARG_Lcd_Out_row, 0
0x01B0	0x3A03      	XORLW      3
0x01B1	0x1903      	BTFSC      STATUS, 2
0x01B2	0x299C      	GOTO       L_Lcd_Out15
0x01B3	0x086B      	MOVF       FARG_Lcd_Out_row, 0
0x01B4	0x3A04      	XORLW      4
0x01B5	0x1903      	BTFSC      STATUS, 2
0x01B6	0x299F      	GOTO       L_Lcd_Out16
0x01B7	0x29A2      	GOTO       L_Lcd_Out17
L_Lcd_Out12:
;__Lib_Lcd.c,194 :: 		
0x01B8	0x036C      	DECF       FARG_Lcd_Out_column, 0
0x01B9	0x00F0      	MOVWF      R0
0x01BA	0x086B      	MOVF       FARG_Lcd_Out_row, 0
0x01BB	0x07F0      	ADDWF      R0, 1
0x01BC	0x0870      	MOVF       R0, 0
0x01BD	0x00EB      	MOVWF      FARG_Lcd_Out_row
;__Lib_Lcd.c,196 :: 		
0x01BE	0x0870      	MOVF       R0, 0
0x01BF	0x1683      	BSF        STATUS, 5
0x01C0	0x00A5      	MOVWF      FARG_Lcd_Cmd_out_char
0x01C1	0x201D      	CALL       _Lcd_Cmd
;__Lib_Lcd.c,197 :: 		
0x01C2	0x105E      	BCF        __Lib_Lcd_cmd_status, BitPos(__Lib_Lcd_cmd_status+0)
;__Lib_Lcd.c,198 :: 		
0x01C3	0x01EE      	CLRF       Lcd_Out_i_L0
;__Lib_Lcd.c,199 :: 		
L_Lcd_Out18:
0x01C4	0x086E      	MOVF       Lcd_Out_i_L0, 0
0x01C5	0x076D      	ADDWF      FARG_Lcd_Out_text, 0
0x01C6	0x0084      	MOVWF      FSR
0x01C7	0x0800      	MOVF       INDF, 0
0x01C8	0x1903      	BTFSC      STATUS, 2
0x01C9	0x29D3      	GOTO       L_Lcd_Out19
;__Lib_Lcd.c,200 :: 		
0x01CA	0x086E      	MOVF       Lcd_Out_i_L0, 0
0x01CB	0x076D      	ADDWF      FARG_Lcd_Out_text, 0
0x01CC	0x0084      	MOVWF      FSR
0x01CD	0x0800      	MOVF       INDF, 0
0x01CE	0x1683      	BSF        STATUS, 5
0x01CF	0x00A4      	MOVWF      FARG_Lcd_Chr_CP_out_char
0x01D0	0x2092      	CALL       _Lcd_Chr_CP
0x01D1	0x0AEE      	INCF       Lcd_Out_i_L0, 1
0x01D2	0x29C4      	GOTO       L_Lcd_Out18
L_Lcd_Out19:
;__Lib_Lcd.c,201 :: 		
0x01D3	0x145E      	BSF        __Lib_Lcd_cmd_status, BitPos(__Lib_Lcd_cmd_status+0)
;__Lib_Lcd.c,202 :: 		
L_end_Lcd_Out:
0x01D4	0x0008      	RETURN
; end of _Lcd_Out
_I2C1_Rd:
;__Lib_I2C_c34.c,85 :: 		
;__Lib_I2C_c34.c,89 :: 		
0x01D5	0x1283      	BCF        STATUS, 5
0x01D6	0x1303      	BCF        STATUS, 6
0x01D7	0x084F      	MOVF       __Lib_I2C_c34__I2C1_TIMEOUT, 0
0x01D8	0x00EC      	MOVWF      I2C1_Rd_timeout_L0
0x01D9	0x0850      	MOVF       __Lib_I2C_c34__I2C1_TIMEOUT+1, 0
0x01DA	0x00ED      	MOVWF      I2C1_Rd_timeout_L0+1
0x01DB	0x0851      	MOVF       __Lib_I2C_c34__I2C1_TIMEOUT+2, 0
0x01DC	0x00EE      	MOVWF      I2C1_Rd_timeout_L0+2
0x01DD	0x0852      	MOVF       __Lib_I2C_c34__I2C1_TIMEOUT+3, 0
0x01DE	0x00EF      	MOVWF      I2C1_Rd_timeout_L0+3
;__Lib_I2C_c34.c,91 :: 		
0x01DF	0x118C      	BCF        PIR1, 3
;__Lib_I2C_c34.c,92 :: 		
0x01E0	0x1683      	BSF        STATUS, 5
0x01E1	0x1591      	BSF        SSPCON2, 3
;__Lib_I2C_c34.c,94 :: 		
L_I2C1_Rd16:
0x01E2	0x1283      	BCF        STATUS, 5
0x01E3	0x198C      	BTFSC      PIR1, 3
0x01E4	0x2A09      	GOTO       L_I2C1_Rd17
;__Lib_I2C_c34.c,97 :: 		
0x01E5	0x084F      	MOVF       __Lib_I2C_c34__I2C1_TIMEOUT, 0
0x01E6	0x0450      	IORWF      __Lib_I2C_c34__I2C1_TIMEOUT+1, 0
0x01E7	0x0451      	IORWF      __Lib_I2C_c34__I2C1_TIMEOUT+2, 0
0x01E8	0x0452      	IORWF      __Lib_I2C_c34__I2C1_TIMEOUT+3, 0
0x01E9	0x1903      	BTFSC      STATUS, 2
0x01EA	0x2A08      	GOTO       L_I2C1_Rd18
;__Lib_I2C_c34.c,99 :: 		
0x01EB	0x086C      	MOVF       I2C1_Rd_timeout_L0, 0
0x01EC	0x046D      	IORWF      I2C1_Rd_timeout_L0+1, 0
0x01ED	0x046E      	IORWF      I2C1_Rd_timeout_L0+2, 0
0x01EE	0x046F      	IORWF      I2C1_Rd_timeout_L0+3, 0
0x01EF	0x1D03      	BTFSS      STATUS, 2
0x01F0	0x29FE      	GOTO       L_I2C1_Rd19
;__Lib_I2C_c34.c,101 :: 		
0x01F1	0x086A      	MOVF       _I2C1_Timeout_Ptr+2, 0
0x01F2	0x0084      	MOVWF      FSR
0x01F3	0x3003      	MOVLW      3
0x01F4	0x0080      	MOVWF      INDF
0x01F5	0x0A84      	INCF       FSR, 1
0x01F6	0x0868      	MOVF       _I2C1_Timeout_Ptr, 0
0x01F7	0x00D3      	MOVWF      ___DoICPAddr
0x01F8	0x0869      	MOVF       _I2C1_Timeout_Ptr+1, 0
0x01F9	0x00D4      	MOVWF      ___DoICPAddr+1
0x01FA	0x208B      	CALL       _____DoIFC
0x01FB	0x118A      	BCF        PCLATH, 3
0x01FC	0x120A      	BCF        PCLATH, 4
;__Lib_I2C_c34.c,102 :: 		
0x01FD	0x2A09      	GOTO       L_I2C1_Rd17
;__Lib_I2C_c34.c,103 :: 		
L_I2C1_Rd19:
;__Lib_I2C_c34.c,104 :: 		
0x01FE	0x3001      	MOVLW      1
0x01FF	0x1283      	BCF        STATUS, 5
0x0200	0x1303      	BCF        STATUS, 6
0x0201	0x02EC      	SUBWF      I2C1_Rd_timeout_L0, 1
0x0202	0x1C03      	BTFSS      STATUS, 0
0x0203	0x02ED      	SUBWF      I2C1_Rd_timeout_L0+1, 1
0x0204	0x1C03      	BTFSS      STATUS, 0
0x0205	0x02EE      	SUBWF      I2C1_Rd_timeout_L0+2, 1
0x0206	0x1C03      	BTFSS      STATUS, 0
0x0207	0x02EF      	SUBWF      I2C1_Rd_timeout_L0+3, 1
;__Lib_I2C_c34.c,105 :: 		
L_I2C1_Rd18:
;__Lib_I2C_c34.c,106 :: 		
0x0208	0x29E2      	GOTO       L_I2C1_Rd16
L_I2C1_Rd17:
0x0209	0x1283      	BCF        STATUS, 5
0x020A	0x1303      	BCF        STATUS, 6
;__Lib_I2C_c34.c,108 :: 		
0x020B	0x0813      	MOVF       SSPBUF, 0
0x020C	0x00EB      	MOVWF      I2C1_Rd_tmp_L0
;__Lib_I2C_c34.c,109 :: 		
0x020D	0x0821      	MOVF       FARG_I2C1_Rd_ack, 0
0x020E	0x3A00      	XORLW      0
0x020F	0x1D03      	BTFSS      STATUS, 2
0x0210	0x2A14      	GOTO       L_I2C1_Rd20
;__Lib_I2C_c34.c,110 :: 		
0x0211	0x1683      	BSF        STATUS, 5
0x0212	0x1691      	BSF        SSPCON2, 5
0x0213	0x2A16      	GOTO       L_I2C1_Rd21
L_I2C1_Rd20:
0x0214	0x1683      	BSF        STATUS, 5
;__Lib_I2C_c34.c,112 :: 		
0x0215	0x1291      	BCF        SSPCON2, 5
L_I2C1_Rd21:
;__Lib_I2C_c34.c,114 :: 		
0x0216	0x1283      	BCF        STATUS, 5
0x0217	0x118C      	BCF        PIR1, 3
;__Lib_I2C_c34.c,115 :: 		
0x0218	0x1683      	BSF        STATUS, 5
0x0219	0x1611      	BSF        SSPCON2, 4
;__Lib_I2C_c34.c,118 :: 		
0x021A	0x1283      	BCF        STATUS, 5
0x021B	0x084F      	MOVF       __Lib_I2C_c34__I2C1_TIMEOUT, 0
0x021C	0x00EC      	MOVWF      I2C1_Rd_timeout_L0
0x021D	0x0850      	MOVF       __Lib_I2C_c34__I2C1_TIMEOUT+1, 0
0x021E	0x00ED      	MOVWF      I2C1_Rd_timeout_L0+1
0x021F	0x0851      	MOVF       __Lib_I2C_c34__I2C1_TIMEOUT+2, 0
0x0220	0x00EE      	MOVWF      I2C1_Rd_timeout_L0+2
0x0221	0x0852      	MOVF       __Lib_I2C_c34__I2C1_TIMEOUT+3, 0
0x0222	0x00EF      	MOVWF      I2C1_Rd_timeout_L0+3
;__Lib_I2C_c34.c,120 :: 		
L_I2C1_Rd22:
0x0223	0x198C      	BTFSC      PIR1, 3
0x0224	0x2A49      	GOTO       L_I2C1_Rd23
;__Lib_I2C_c34.c,123 :: 		
0x0225	0x084F      	MOVF       __Lib_I2C_c34__I2C1_TIMEOUT, 0
0x0226	0x0450      	IORWF      __Lib_I2C_c34__I2C1_TIMEOUT+1, 0
0x0227	0x0451      	IORWF      __Lib_I2C_c34__I2C1_TIMEOUT+2, 0
0x0228	0x0452      	IORWF      __Lib_I2C_c34__I2C1_TIMEOUT+3, 0
0x0229	0x1903      	BTFSC      STATUS, 2
0x022A	0x2A48      	GOTO       L_I2C1_Rd24
;__Lib_I2C_c34.c,125 :: 		
0x022B	0x086C      	MOVF       I2C1_Rd_timeout_L0, 0
0x022C	0x046D      	IORWF      I2C1_Rd_timeout_L0+1, 0
0x022D	0x046E      	IORWF      I2C1_Rd_timeout_L0+2, 0
0x022E	0x046F      	IORWF      I2C1_Rd_timeout_L0+3, 0
0x022F	0x1D03      	BTFSS      STATUS, 2
0x0230	0x2A3E      	GOTO       L_I2C1_Rd25
;__Lib_I2C_c34.c,127 :: 		
0x0231	0x086A      	MOVF       _I2C1_Timeout_Ptr+2, 0
0x0232	0x0084      	MOVWF      FSR
0x0233	0x3003      	MOVLW      3
0x0234	0x0080      	MOVWF      INDF
0x0235	0x0A84      	INCF       FSR, 1
0x0236	0x0868      	MOVF       _I2C1_Timeout_Ptr, 0
0x0237	0x00D3      	MOVWF      ___DoICPAddr
0x0238	0x0869      	MOVF       _I2C1_Timeout_Ptr+1, 0
0x0239	0x00D4      	MOVWF      ___DoICPAddr+1
0x023A	0x208B      	CALL       _____DoIFC
0x023B	0x118A      	BCF        PCLATH, 3
0x023C	0x120A      	BCF        PCLATH, 4
;__Lib_I2C_c34.c,128 :: 		
0x023D	0x2A49      	GOTO       L_I2C1_Rd23
;__Lib_I2C_c34.c,129 :: 		
L_I2C1_Rd25:
;__Lib_I2C_c34.c,130 :: 		
0x023E	0x3001      	MOVLW      1
0x023F	0x1283      	BCF        STATUS, 5
0x0240	0x1303      	BCF        STATUS, 6
0x0241	0x02EC      	SUBWF      I2C1_Rd_timeout_L0, 1
0x0242	0x1C03      	BTFSS      STATUS, 0
0x0243	0x02ED      	SUBWF      I2C1_Rd_timeout_L0+1, 1
0x0244	0x1C03      	BTFSS      STATUS, 0
0x0245	0x02EE      	SUBWF      I2C1_Rd_timeout_L0+2, 1
0x0246	0x1C03      	BTFSS      STATUS, 0
0x0247	0x02EF      	SUBWF      I2C1_Rd_timeout_L0+3, 1
;__Lib_I2C_c34.c,131 :: 		
L_I2C1_Rd24:
;__Lib_I2C_c34.c,132 :: 		
0x0248	0x2A23      	GOTO       L_I2C1_Rd22
L_I2C1_Rd23:
0x0249	0x1283      	BCF        STATUS, 5
0x024A	0x1303      	BCF        STATUS, 6
;__Lib_I2C_c34.c,134 :: 		
0x024B	0x086B      	MOVF       I2C1_Rd_tmp_L0, 0
0x024C	0x00F0      	MOVWF      R0
;__Lib_I2C_c34.c,135 :: 		
L_end_I2C1_Rd:
0x024D	0x0008      	RETURN
; end of _I2C1_Rd
___CC2DW:
;__Lib_System.c,134 :: 		
;__Lib_System.c,137 :: 		
_CC2D_Loop1:
;__Lib_System.c,139 :: 		
0x024E	0x2074      	CALL       _____DoICP
0x024F	0x118A      	BCF        PCLATH, 3
0x0250	0x120A      	BCF        PCLATH, 4
;__Lib_System.c,141 :: 		
0x0251	0x0080      	MOVWF      INDF
;__Lib_System.c,142 :: 		
0x0252	0x0A84      	INCF       FSR, 1
;__Lib_System.c,143 :: 		
0x0253	0x0AD3      	INCF       ___DoICPAddr, 1
;__Lib_System.c,145 :: 		
0x0254	0x1903      	BTFSC      STATUS, 2
;__Lib_System.c,146 :: 		
0x0255	0x0AD4      	INCF       ___DoICPAddr+1, 1
;__Lib_System.c,147 :: 		
0x0256	0x03F0      	DECF       R0, 1
;__Lib_System.c,149 :: 		
0x0257	0x1D03      	BTFSS      STATUS, 2
;__Lib_System.c,150 :: 		
0x0258	0x2A4E      	GOTO       _CC2D_Loop1
;__Lib_System.c,152 :: 		
L_end___CC2DW:
0x0259	0x0008      	RETURN
; end of ___CC2DW
_I2C1_Start:
;__Lib_I2C_c34.c,33 :: 		
;__Lib_I2C_c34.c,37 :: 		
0x025A	0x1283      	BCF        STATUS, 5
0x025B	0x1303      	BCF        STATUS, 6
0x025C	0x084F      	MOVF       __Lib_I2C_c34__I2C1_TIMEOUT, 0
0x025D	0x1683      	BSF        STATUS, 5
0x025E	0x00A0      	MOVWF      I2C1_Start_timeout_L0
0x025F	0x1283      	BCF        STATUS, 5
0x0260	0x0850      	MOVF       __Lib_I2C_c34__I2C1_TIMEOUT+1, 0
0x0261	0x1683      	BSF        STATUS, 5
0x0262	0x00A1      	MOVWF      I2C1_Start_timeout_L0+1
0x0263	0x1283      	BCF        STATUS, 5
0x0264	0x0851      	MOVF       __Lib_I2C_c34__I2C1_TIMEOUT+2, 0
0x0265	0x1683      	BSF        STATUS, 5
0x0266	0x00A2      	MOVWF      I2C1_Start_timeout_L0+2
0x0267	0x1283      	BCF        STATUS, 5
0x0268	0x0852      	MOVF       __Lib_I2C_c34__I2C1_TIMEOUT+3, 0
0x0269	0x1683      	BSF        STATUS, 5
0x026A	0x00A3      	MOVWF      I2C1_Start_timeout_L0+3
;__Lib_I2C_c34.c,39 :: 		
0x026B	0x1283      	BCF        STATUS, 5
0x026C	0x01EB      	CLRF       I2C1_Start_j_L0
0x026D	0x01EC      	CLRF       I2C1_Start_j_L0+1
L_I2C1_Start2:
0x026E	0x086C      	MOVF       I2C1_Start_j_L0+1, 0
0x026F	0x3C12      	SUBLW      18
0x0270	0x1D03      	BTFSS      STATUS, 2
0x0271	0x2A74      	GOTO       L__I2C1_Start39
0x0272	0x086B      	MOVF       I2C1_Start_j_L0, 0
0x0273	0x3C8E      	SUBLW      142
L__I2C1_Start39:
0x0274	0x1C03      	BTFSS      STATUS, 0
0x0275	0x2A80      	GOTO       L_I2C1_Start3
;__Lib_I2C_c34.c,40 :: 		
0x0276	0x207B      	CALL       _I2C1_Is_Idle
0x0277	0x0870      	MOVF       R0, 0
0x0278	0x1903      	BTFSC      STATUS, 2
0x0279	0x2A7B      	GOTO       L_I2C1_Start5
;__Lib_I2C_c34.c,41 :: 		
0x027A	0x2A80      	GOTO       L_I2C1_Start3
L_I2C1_Start5:
;__Lib_I2C_c34.c,39 :: 		
0x027B	0x1283      	BCF        STATUS, 5
0x027C	0x0AEB      	INCF       I2C1_Start_j_L0, 1
0x027D	0x1903      	BTFSC      STATUS, 2
0x027E	0x0AEC      	INCF       I2C1_Start_j_L0+1, 1
;__Lib_I2C_c34.c,42 :: 		
0x027F	0x2A6E      	GOTO       L_I2C1_Start2
L_I2C1_Start3:
0x0280	0x1283      	BCF        STATUS, 5
;__Lib_I2C_c34.c,44 :: 		
0x0281	0x3012      	MOVLW      18
0x0282	0x026C      	SUBWF      I2C1_Start_j_L0+1, 0
0x0283	0x1D03      	BTFSS      STATUS, 2
0x0284	0x2A87      	GOTO       L__I2C1_Start40
0x0285	0x308F      	MOVLW      143
0x0286	0x026B      	SUBWF      I2C1_Start_j_L0, 0
L__I2C1_Start40:
0x0287	0x1C03      	BTFSS      STATUS, 0
0x0288	0x2A8C      	GOTO       L_I2C1_Start6
;__Lib_I2C_c34.c,45 :: 		
0x0289	0x307B      	MOVLW      123
0x028A	0x00F0      	MOVWF      R0
0x028B	0x2ABC      	GOTO       L_end_I2C1_Start
L_I2C1_Start6:
;__Lib_I2C_c34.c,47 :: 		
0x028C	0x1683      	BSF        STATUS, 5
0x028D	0x1411      	BSF        SSPCON2, 0
;__Lib_I2C_c34.c,48 :: 		
L_I2C1_Start8:
0x028E	0x1683      	BSF        STATUS, 5
0x028F	0x1C11      	BTFSS      SSPCON2, 0
0x0290	0x2ABB      	GOTO       L_I2C1_Start9
;__Lib_I2C_c34.c,50 :: 		
0x0291	0x1283      	BCF        STATUS, 5
0x0292	0x084F      	MOVF       __Lib_I2C_c34__I2C1_TIMEOUT, 0
0x0293	0x0450      	IORWF      __Lib_I2C_c34__I2C1_TIMEOUT+1, 0
0x0294	0x0451      	IORWF      __Lib_I2C_c34__I2C1_TIMEOUT+2, 0
0x0295	0x0452      	IORWF      __Lib_I2C_c34__I2C1_TIMEOUT+3, 0
0x0296	0x1903      	BTFSC      STATUS, 2
0x0297	0x2ABA      	GOTO       L_I2C1_Start10
;__Lib_I2C_c34.c,52 :: 		
0x0298	0x1683      	BSF        STATUS, 5
0x0299	0x0820      	MOVF       I2C1_Start_timeout_L0, 0
0x029A	0x0421      	IORWF      I2C1_Start_timeout_L0+1, 0
0x029B	0x0422      	IORWF      I2C1_Start_timeout_L0+2, 0
0x029C	0x0423      	IORWF      I2C1_Start_timeout_L0+3, 0
0x029D	0x1D03      	BTFSS      STATUS, 2
0x029E	0x2AB1      	GOTO       L_I2C1_Start11
;__Lib_I2C_c34.c,54 :: 		
0x029F	0x1283      	BCF        STATUS, 5
0x02A0	0x086A      	MOVF       _I2C1_Timeout_Ptr+2, 0
0x02A1	0x0084      	MOVWF      FSR
0x02A2	0x3005      	MOVLW      5
0x02A3	0x0080      	MOVWF      INDF
0x02A4	0x0A84      	INCF       FSR, 1
0x02A5	0x0868      	MOVF       _I2C1_Timeout_Ptr, 0
0x02A6	0x00D3      	MOVWF      ___DoICPAddr
0x02A7	0x0869      	MOVF       _I2C1_Timeout_Ptr+1, 0
0x02A8	0x00D4      	MOVWF      ___DoICPAddr+1
0x02A9	0x208B      	CALL       _____DoIFC
0x02AA	0x118A      	BCF        PCLATH, 3
0x02AB	0x120A      	BCF        PCLATH, 4
;__Lib_I2C_c34.c,55 :: 		
0x02AC	0x3001      	MOVLW      1
0x02AD	0x1283      	BCF        STATUS, 5
0x02AE	0x1303      	BCF        STATUS, 6
0x02AF	0x00F0      	MOVWF      R0
0x02B0	0x2ABC      	GOTO       L_end_I2C1_Start
;__Lib_I2C_c34.c,56 :: 		
L_I2C1_Start11:
;__Lib_I2C_c34.c,57 :: 		
0x02B1	0x3001      	MOVLW      1
0x02B2	0x1683      	BSF        STATUS, 5
0x02B3	0x02A0      	SUBWF      I2C1_Start_timeout_L0, 1
0x02B4	0x1C03      	BTFSS      STATUS, 0
0x02B5	0x02A1      	SUBWF      I2C1_Start_timeout_L0+1, 1
0x02B6	0x1C03      	BTFSS      STATUS, 0
0x02B7	0x02A2      	SUBWF      I2C1_Start_timeout_L0+2, 1
0x02B8	0x1C03      	BTFSS      STATUS, 0
0x02B9	0x02A3      	SUBWF      I2C1_Start_timeout_L0+3, 1
;__Lib_I2C_c34.c,58 :: 		
L_I2C1_Start10:
;__Lib_I2C_c34.c,59 :: 		
0x02BA	0x2A8E      	GOTO       L_I2C1_Start8
L_I2C1_Start9:
;__Lib_I2C_c34.c,60 :: 		
0x02BB	0x01F0      	CLRF       R0
;__Lib_I2C_c34.c,62 :: 		
L_end_I2C1_Start:
0x02BC	0x0008      	RETURN
; end of _I2C1_Start
_main:
0x02BD	0x2348      	CALL       840
;CompassDemo.c,27 :: 		void main(){
;CompassDemo.c,28 :: 		ADCON1 = 7;
0x02BE	0x3007      	MOVLW      7
0x02BF	0x1683      	BSF        STATUS, 5
0x02C0	0x1303      	BCF        STATUS, 6
0x02C1	0x009F      	MOVWF      ADCON1
;CompassDemo.c,29 :: 		CMCON = 7;
0x02C2	0x3007      	MOVLW      7
0x02C3	0x009C      	MOVWF      CMCON
;CompassDemo.c,35 :: 		TRISE = 0;
0x02C4	0x0189      	CLRF       TRISE
;CompassDemo.c,36 :: 		TRISE1_Bit = 0;
0x02C5	0x1089      	BCF        TRISE1_bit, BitPos(TRISE1_bit+0)
;CompassDemo.c,37 :: 		Lcd_Init();                        // Initialize LCD
0x02C6	0x210C      	CALL       _Lcd_Init
;CompassDemo.c,39 :: 		Lcd_Cmd(_LCD_CLEAR);               // Clear display
0x02C7	0x3001      	MOVLW      1
0x02C8	0x1683      	BSF        STATUS, 5
0x02C9	0x00A5      	MOVWF      FARG_Lcd_Cmd_out_char
0x02CA	0x201D      	CALL       _Lcd_Cmd
;CompassDemo.c,40 :: 		Lcd_Cmd(_LCD_CURSOR_OFF);          // Cursor off
0x02CB	0x300C      	MOVLW      12
0x02CC	0x1683      	BSF        STATUS, 5
0x02CD	0x00A5      	MOVWF      FARG_Lcd_Cmd_out_char
0x02CE	0x201D      	CALL       _Lcd_Cmd
;CompassDemo.c,41 :: 		Lcd_Out(1,1,txt1);                 // Write text in first row
0x02CF	0x3001      	MOVLW      1
0x02D0	0x00EB      	MOVWF      FARG_Lcd_Out_row
0x02D1	0x3001      	MOVLW      1
0x02D2	0x00EC      	MOVWF      FARG_Lcd_Out_column
0x02D3	0x302F      	MOVLW      _txt1
0x02D4	0x00ED      	MOVWF      FARG_Lcd_Out_text
0x02D5	0x2193      	CALL       _Lcd_Out
;CompassDemo.c,42 :: 		Lcd_Out(2,1,txt2);                 // Write text in second row
0x02D6	0x3002      	MOVLW      2
0x02D7	0x00EB      	MOVWF      FARG_Lcd_Out_row
0x02D8	0x3001      	MOVLW      1
0x02D9	0x00EC      	MOVWF      FARG_Lcd_Out_column
0x02DA	0x3022      	MOVLW      _txt2
0x02DB	0x00ED      	MOVWF      FARG_Lcd_Out_text
0x02DC	0x2193      	CALL       _Lcd_Out
;CompassDemo.c,43 :: 		Delay_ms(5000);
0x02DD	0x307F      	MOVLW      127
0x02DE	0x00FB      	MOVWF      R11
0x02DF	0x30D4      	MOVLW      212
0x02E0	0x00FC      	MOVWF      R12
0x02E1	0x3031      	MOVLW      49
0x02E2	0x00FD      	MOVWF      R13
L_main0:
0x02E3	0x0BFD      	DECFSZ     R13, 1
0x02E4	0x2AE3      	GOTO       L_main0
0x02E5	0x0BFC      	DECFSZ     R12, 1
0x02E6	0x2AE3      	GOTO       L_main0
0x02E7	0x0BFB      	DECFSZ     R11, 1
0x02E8	0x2AE3      	GOTO       L_main0
0x02E9	0x0000      	NOP
0x02EA	0x0000      	NOP
;CompassDemo.c,44 :: 		Lcd_Cmd(_LCD_CLEAR);               // Clear display
0x02EB	0x3001      	MOVLW      1
0x02EC	0x1683      	BSF        STATUS, 5
0x02ED	0x00A5      	MOVWF      FARG_Lcd_Cmd_out_char
0x02EE	0x201D      	CALL       _Lcd_Cmd
;CompassDemo.c,45 :: 		Lcd_Out(1,1,txt3);                 // Write text in first row
0x02EF	0x3001      	MOVLW      1
0x02F0	0x00EB      	MOVWF      FARG_Lcd_Out_row
0x02F1	0x3001      	MOVLW      1
0x02F2	0x00EC      	MOVWF      FARG_Lcd_Out_column
0x02F3	0x3047      	MOVLW      _txt3
0x02F4	0x00ED      	MOVWF      FARG_Lcd_Out_text
0x02F5	0x2193      	CALL       _Lcd_Out
;CompassDemo.c,46 :: 		Lcd_Out(2,1,txt4);                 // Write text in second row
0x02F6	0x3002      	MOVLW      2
0x02F7	0x00EB      	MOVWF      FARG_Lcd_Out_row
0x02F8	0x3001      	MOVLW      1
0x02F9	0x00EC      	MOVWF      FARG_Lcd_Out_column
0x02FA	0x303A      	MOVLW      _txt4
0x02FB	0x00ED      	MOVWF      FARG_Lcd_Out_text
0x02FC	0x2193      	CALL       _Lcd_Out
;CompassDemo.c,48 :: 		I2C1_Init(100000);         // initialize I2C communication
0x02FD	0x3032      	MOVLW      50
0x02FE	0x1683      	BSF        STATUS, 5
0x02FF	0x0093      	MOVWF      SSPADD
0x0300	0x215A      	CALL       _I2C1_Init
;CompassDemo.c,49 :: 		I2C1_Start();              // issue I2C start signal
0x0301	0x225A      	CALL       _I2C1_Start
;CompassDemo.c,50 :: 		I2C1_Rd(0u);             // send byte via I2C  (device address + W)
0x0302	0x1283      	BCF        STATUS, 5
0x0303	0x1303      	BCF        STATUS, 6
0x0304	0x01A1      	CLRF       FARG_I2C1_Rd_ack
0x0305	0x21D5      	CALL       _I2C1_Rd
;CompassDemo.c,51 :: 		I2C1_Wr(2);                // send byte (address of EEPROM location)
0x0306	0x3002      	MOVLW      2
0x0307	0x00A0      	MOVWF      FARG_I2C1_Wr_data_
0x0308	0x209B      	CALL       _I2C1_Wr
;CompassDemo.c,52 :: 		I2C1_Wr(0xAA);             // send data (data to be written)
0x0309	0x30AA      	MOVLW      170
0x030A	0x1283      	BCF        STATUS, 5
0x030B	0x1303      	BCF        STATUS, 6
0x030C	0x00A0      	MOVWF      FARG_I2C1_Wr_data_
0x030D	0x209B      	CALL       _I2C1_Wr
;CompassDemo.c,53 :: 		I2C1_Stop();               // issue I2C stop signal
0x030E	0x218F      	CALL       _I2C1_Stop
;CompassDemo.c,56 :: 		while(1) {                         // Endless loop
L_main1:
;CompassDemo.c,57 :: 		}
0x030F	0x2B0F      	GOTO       L_main1
;CompassDemo.c,58 :: 		}
L_end_main:
0x0310	0x2B10      	GOTO       $+0
; end of _main
0x0348	0x3022      	MOVLW      34
0x0349	0x0084      	MOVWF      FSR
0x034A	0x3031      	MOVLW      49
0x034B	0x1283      	BCF        STATUS, 5
0x034C	0x1303      	BCF        STATUS, 6
0x034D	0x00F0      	MOVWF      R0
0x034E	0x3016      	MOVLW      22
0x034F	0x00D3      	MOVWF      ___DoICPAddr
0x0350	0x3003      	MOVLW      3
0x0351	0x00D4      	MOVWF      84
0x0352	0x224E      	CALL       590
0x0353	0x0008      	RETURN
;CompassDemo.c,0 :: ?ICS_txt2
0x0316	0x3443 ;?ICS_txt2+0
0x0317	0x346F ;?ICS_txt2+1
0x0318	0x346D ;?ICS_txt2+2
0x0319	0x3470 ;?ICS_txt2+3
0x031A	0x3461 ;?ICS_txt2+4
0x031B	0x3473 ;?ICS_txt2+5
0x031C	0x3473 ;?ICS_txt2+6
0x031D	0x3420 ;?ICS_txt2+7
0x031E	0x3464 ;?ICS_txt2+8
0x031F	0x3465 ;?ICS_txt2+9
0x0320	0x346D ;?ICS_txt2+10
0x0321	0x346F ;?ICS_txt2+11
0x0322	0x3400 ;?ICS_txt2+12
; end of ?ICS_txt2
;CompassDemo.c,0 :: ?ICS_txt1
0x0323	0x3457 ;?ICS_txt1+0
0x0324	0x3465 ;?ICS_txt1+1
0x0325	0x346C ;?ICS_txt1+2
0x0326	0x3463 ;?ICS_txt1+3
0x0327	0x346F ;?ICS_txt1+4
0x0328	0x346D ;?ICS_txt1+5
0x0329	0x3465 ;?ICS_txt1+6
0x032A	0x3420 ;?ICS_txt1+7
0x032B	0x3474 ;?ICS_txt1+8
0x032C	0x346F ;?ICS_txt1+9
0x032D	0x3400 ;?ICS_txt1+10
; end of ?ICS_txt1
;CompassDemo.c,0 :: ?ICS_txt4
0x032E	0x3449 ;?ICS_txt4+0
0x032F	0x3432 ;?ICS_txt4+1
0x0330	0x3443 ;?ICS_txt4+2
0x0331	0x3420 ;?ICS_txt4+3
0x0332	0x3452 ;?ICS_txt4+4
0x0333	0x3465 ;?ICS_txt4+5
0x0334	0x3461 ;?ICS_txt4+6
0x0335	0x3464 ;?ICS_txt4+7
0x0336	0x3469 ;?ICS_txt4+8
0x0337	0x346E ;?ICS_txt4+9
0x0338	0x3467 ;?ICS_txt4+10
0x0339	0x3473 ;?ICS_txt4+11
0x033A	0x3400 ;?ICS_txt4+12
; end of ?ICS_txt4
;CompassDemo.c,0 :: ?ICS_txt3
0x033B	0x3454 ;?ICS_txt3+0
0x033C	0x3465 ;?ICS_txt3+1
0x033D	0x3473 ;?ICS_txt3+2
0x033E	0x3474 ;?ICS_txt3+3
0x033F	0x3469 ;?ICS_txt3+4
0x0340	0x346E ;?ICS_txt3+5
0x0341	0x3467 ;?ICS_txt3+6
0x0342	0x3400 ;?ICS_txt3+7
; end of ?ICS_txt3
;__Lib_I2C_c34.c,0 :: ?ICS__Lib_I2C_c34__I2C1_TIMEOUT
0x0343	0x3400 ;?ICS__Lib_I2C_c34__I2C1_TIMEOUT+0
0x0344	0x3400 ;?ICS__Lib_I2C_c34__I2C1_TIMEOUT+1
0x0345	0x3400 ;?ICS__Lib_I2C_c34__I2C1_TIMEOUT+2
0x0346	0x3400 ;?ICS__Lib_I2C_c34__I2C1_TIMEOUT+3
; end of ?ICS__Lib_I2C_c34__I2C1_TIMEOUT
Symbol List:
//** Routines locations **
//ADDRESS    SIZE    PROCEDURE
//----------------------------------------------
0x0003       [6]    _Delay_1us
0x0009      [13]    _Delay_5500us
0x0016       [7]    _Delay_50us
0x001D      [87]    _Lcd_Cmd
0x0074       [7]    _____DoICP
0x007B      [16]    _I2C1_Is_Idle
0x008B       [7]    _____DoIFC
0x0092       [9]    _Lcd_Chr_CP
0x009B     [113]    _I2C1_Wr
0x010C      [78]    _Lcd_Init
0x015A      [53]    _I2C1_Init
0x018F       [4]    _I2C1_Stop
0x0193      [66]    _Lcd_Out
0x01D5     [121]    _I2C1_Rd
0x024E      [12]    ___CC2DW
0x025A      [99]    _I2C1_Start
0x02BD      [83]    _main
//** Variables locations ** 
//ADDRESS    SIZE    VARIABLE
//----------------------------------------------
0x0000       [1]    INDF
0x0002       [1]    PCL
0x0003       [1]    STATUS
0x0004       [1]    FSR
0x0008       [0]    LCD_D5
0x0008       [0]    RD6_bit
0x0008       [0]    LCD_D4
0x0008       [0]    RD7_bit
0x0008       [0]    RD5_bit
0x0008       [0]    LCD_D6
0x0008       [0]    RD4_bit
0x0008       [0]    LCD_D7
0x0009       [0]    RE0_bit
0x0009       [0]    LCD_EN
0x0009       [0]    RE2_bit
0x0009       [0]    LCD_RS
0x000A       [1]    PCLATH
0x000C       [1]    PIR1
0x0013       [1]    SSPBUF
0x0014       [1]    SSPCON
0x0020       [1]    FARG_I2C1_Wr_data_
0x0021       [1]    FARG_I2C1_Rd_ack
0x0022      [13]    _txt2
0x002F      [11]    _txt1
0x003A      [13]    _txt4
0x0047       [8]    _txt3
0x004F       [4]    __Lib_I2C_c34__I2C1_TIMEOUT
0x0053       [2]    ___DoICPAddr
0x0055       [3]    _I2C_Read_Ptr
0x0058       [3]    _I2C_Restart_Ptr
0x005B       [3]    _I2C_Write_Ptr
0x005E       [0]    __Lib_Lcd_cmd_status
0x005F       [3]    _I2C_Stop_Ptr
0x0062       [3]    _I2C_Start_Ptr
0x0065       [3]    _I2C_Is_Idle_Ptr
0x0068       [3]    _I2C1_Timeout_Ptr
0x006B       [1]    FARG_Lcd_Out_row
0x006B       [2]    I2C1_Start_j_L0
0x006B       [1]    I2C1_Rd_tmp_L0
0x006B       [4]    FARG_I2C1_Init_clock
0x006B       [4]    I2C1_Wr_timeout_L0
0x006C       [1]    FARG_Lcd_Out_column
0x006C       [4]    I2C1_Rd_timeout_L0
0x006D       [1]    FARG_Lcd_Out_text
0x006E       [1]    Lcd_Out_i_L0
0x0070       [1]    R0
0x0071       [1]    R1
0x0072       [1]    R2
0x0073       [1]    R3
0x0074       [1]    R4
0x0075       [1]    R5
0x0076       [1]    R6
0x0077       [1]    R7
0x0078       [1]    R8
0x0079       [1]    R9
0x007A       [1]    R10
0x007B       [1]    R11
0x007C       [1]    R12
0x007D       [1]    R13
0x007E       [1]    R14
0x007F       [1]    R15
0x0087       [0]    TRISC3_bit
0x0087       [0]    TRISC4_bit
0x0088       [0]    TRISD5_bit
0x0088       [0]    LCD_D4_Direction
0x0088       [0]    TRISD6_bit
0x0088       [0]    TRISD7_bit
0x0088       [0]    LCD_D7_Direction
0x0088       [0]    LCD_D6_Direction
0x0088       [0]    TRISD4_bit
0x0088       [0]    LCD_D5_Direction
0x0089       [0]    TRISE1_bit
0x0089       [0]    TRISE2_bit
0x0089       [0]    TRISE0_bit
0x0089       [1]    TRISE
0x0089       [0]    LCD_RS_Direction
0x0089       [0]    LCD_EN_Direction
0x0091       [1]    SSPCON2
0x0093       [1]    SSPADD
0x0094       [1]    SSPSTAT
0x009C       [1]    CMCON
0x009F       [1]    ADCON1
0x00A0       [4]    I2C1_Start_timeout_L0
0x00A4       [1]    FARG_Lcd_Chr_CP_out_char
0x00A5       [1]    FARG_Lcd_Cmd_out_char
//** Constants locations ** 
//ADDRESS    SIZE    CONSTANT
//----------------------------------------------
0x0316      [13]    ?ICS_txt2
0x0323      [11]    ?ICS_txt1
0x032E      [13]    ?ICS_txt4
0x033B       [8]    ?ICS_txt3
0x0343       [4]    ?ICS__Lib_I2C_c34__I2C1_TIMEOUT
